Using pre-set license
Built from '2021.3/staging' branch; Version is '2021.3.16f1 (4016570cf34f) revision 4200023'; Using compiler version '192829333'; Build Type 'Release'
OS: 'Windows 11  (10.0.22621) 64bit Professional' Language: 'en' Physical Memory: 16337 MB
BatchMode: 1, IsHumanControllingUs: 0, StartBugReporterOnCrash: 0, Is64bit: 1, IsPro: 1

COMMAND LINE ARGUMENTS:
C:\Program Files\Unity\Hub\Editor\2021.3.16f1\Editor\Unity.exe
-adb2
-batchMode
-noUpm
-name
AssetImportWorker2
-projectPath
C:/Users/halpi/Desktop/Game Tools AI/GameToolsAiProject/AI Project
-logFile
Logs/AssetImportWorker2.log
-srvPort
57904
Successfully changed project path to: C:/Users/halpi/Desktop/Game Tools AI/GameToolsAiProject/AI Project
C:/Users/halpi/Desktop/Game Tools AI/GameToolsAiProject/AI Project
[UnityMemory] Configuration Parameters - Can be set up in boot.config
    "memorysetup-bucket-allocator-granularity=16"
    "memorysetup-bucket-allocator-bucket-count=8"
    "memorysetup-bucket-allocator-block-size=33554432"
    "memorysetup-bucket-allocator-block-count=8"
    "memorysetup-main-allocator-block-size=16777216"
    "memorysetup-thread-allocator-block-size=16777216"
    "memorysetup-gfx-main-allocator-block-size=16777216"
    "memorysetup-gfx-thread-allocator-block-size=16777216"
    "memorysetup-cache-allocator-block-size=4194304"
    "memorysetup-typetree-allocator-block-size=2097152"
    "memorysetup-profiler-bucket-allocator-granularity=16"
    "memorysetup-profiler-bucket-allocator-bucket-count=8"
    "memorysetup-profiler-bucket-allocator-block-size=33554432"
    "memorysetup-profiler-bucket-allocator-block-count=8"
    "memorysetup-profiler-allocator-block-size=16777216"
    "memorysetup-profiler-editor-allocator-block-size=1048576"
    "memorysetup-temp-allocator-size-main=16777216"
    "memorysetup-job-temp-allocator-block-size=2097152"
    "memorysetup-job-temp-allocator-block-size-background=1048576"
    "memorysetup-job-temp-allocator-reduction-small-platforms=262144"
    "memorysetup-temp-allocator-size-background-worker=32768"
    "memorysetup-temp-allocator-size-job-worker=262144"
    "memorysetup-temp-allocator-size-preload-manager=33554432"
    "memorysetup-temp-allocator-size-nav-mesh-worker=65536"
    "memorysetup-temp-allocator-size-audio-worker=65536"
    "memorysetup-temp-allocator-size-cloud-worker=32768"
    "memorysetup-temp-allocator-size-gi-baking-worker=262144"
    "memorysetup-temp-allocator-size-gfx=262144"
Player connection [28580] Host "[IP] 192.168.0.150 [Port] 0 [Flags] 2 [Guid] 2789262147 [EditorId] 2789262147 [Version] 1048832 [Id] WindowsEditor(7,DESKTOP-OJRQH4Q) [Debug] 1 [PackageName] WindowsEditor [ProjectName] Editor" joined multi-casting on [225.0.0.222:54997]...

Player connection [28580] Host "[IP] 192.168.0.150 [Port] 0 [Flags] 2 [Guid] 2789262147 [EditorId] 2789262147 [Version] 1048832 [Id] WindowsEditor(7,DESKTOP-OJRQH4Q) [Debug] 1 [PackageName] WindowsEditor [ProjectName] Editor" joined alternative multi-casting on [225.0.0.222:34997]...

Refreshing native plugins compatible for Editor in 105.31 ms, found 3 plugins.
Preloading 0 native plugins for Editor in 0.00 ms.
Initialize engine version: 2021.3.16f1 (4016570cf34f)
[Subsystems] Discovering subsystems at path C:/Program Files/Unity/Hub/Editor/2021.3.16f1/Editor/Data/Resources/UnitySubsystems
[Subsystems] Discovering subsystems at path C:/Users/halpi/Desktop/Game Tools AI/GameToolsAiProject/AI Project/Assets
GfxDevice: creating device client; threaded=0; jobified=0
Direct3D:
    Version:  Direct3D 11.0 [level 11.1]
    Renderer: NVIDIA GeForce GTX 1070 (ID=0x1b81)
    Vendor:   NVIDIA
    VRAM:     8088 MB
    Driver:   31.0.15.1694
Initialize mono
Mono path[0] = 'C:/Program Files/Unity/Hub/Editor/2021.3.16f1/Editor/Data/Managed'
Mono path[1] = 'C:/Program Files/Unity/Hub/Editor/2021.3.16f1/Editor/Data/MonoBleedingEdge/lib/mono/unityjit-win32'
Mono config path = 'C:/Program Files/Unity/Hub/Editor/2021.3.16f1/Editor/Data/MonoBleedingEdge/etc'
Using monoOptions --debugger-agent=transport=dt_socket,embedding=1,server=y,suspend=n,address=127.0.0.1:56800
Begin MonoManager ReloadAssembly
Registering precompiled unity dll's ...
Register platform support module: C:/Program Files/Unity/Hub/Editor/2021.3.16f1/Editor/Data/PlaybackEngines/WebGLSupport/UnityEditor.WebGL.Extensions.dll
Register platform support module: C:/Program Files/Unity/Hub/Editor/2021.3.16f1/Editor/Data/PlaybackEngines/WindowsStandaloneSupport/UnityEditor.WindowsStandalone.Extensions.dll
Registered in 0.006906 seconds.
Native extension for WindowsStandalone target not found
Native extension for WebGL target not found
Refreshing native plugins compatible for Editor in 91.56 ms, found 3 plugins.
Preloading 0 native plugins for Editor in 0.00 ms.
Mono: successfully reloaded assembly
- Completed reload, in  0.868 seconds
Domain Reload Profiling:
	ReloadAssembly (869ms)
		BeginReloadAssembly (95ms)
			ExecutionOrderSort (0ms)
			DisableScriptedObjects (0ms)
			BackupInstance (0ms)
			ReleaseScriptingObjects (0ms)
			CreateAndSetChildDomain (1ms)
		EndReloadAssembly (620ms)
			LoadAssemblies (91ms)
			RebuildTransferFunctionScriptingTraits (0ms)
			SetupTypeCache (159ms)
			ReleaseScriptCaches (0ms)
			RebuildScriptCaches (39ms)
			SetupLoadedEditorAssemblies (359ms)
				LogAssemblyErrors (0ms)
				InitializePlatformSupportModulesInManaged (10ms)
				SetLoadedEditorAssemblies (0ms)
				RefreshPlugins (92ms)
				BeforeProcessingInitializeOnLoad (1ms)
				ProcessInitializeOnLoadAttributes (188ms)
				ProcessInitializeOnLoadMethodAttributes (68ms)
				AfterProcessingInitializeOnLoad (0ms)
				EditorAssembliesLoaded (0ms)
			ExecutionOrderSort2 (0ms)
			AwakeInstancesAfterBackupRestoration (0ms)
Platform modules already initialized, skipping
Registering precompiled user dll's ...
Registered in 0.009431 seconds.
Begin MonoManager ReloadAssembly
Symbol file LoadedFromMemory doesn't match image C:\Users\halpi\Desktop\Game Tools AI\GameToolsAiProject\AI Project\Library\PackageCache\com.unity.visualscripting@1.7.8\Editor\VisualScripting.Core\Dependencies\YamlDotNet\Unity.VisualScripting.YamlDotNet.dll
Symbol file LoadedFromMemory doesn't match image C:\Users\halpi\Desktop\Game Tools AI\GameToolsAiProject\AI Project\Library\PackageCache\com.unity.visualscripting@1.7.8\Editor\VisualScripting.Core\Dependencies\DotNetZip\Unity.VisualScripting.IonicZip.dll
Native extension for WindowsStandalone target not found
Native extension for WebGL target not found
Refreshing native plugins compatible for Editor in 1.19 ms, found 3 plugins.
Preloading 0 native plugins for Editor in 0.00 ms.
Mono: successfully reloaded assembly
- Completed reload, in  1.158 seconds
Domain Reload Profiling:
	ReloadAssembly (1159ms)
		BeginReloadAssembly (126ms)
			ExecutionOrderSort (0ms)
			DisableScriptedObjects (7ms)
			BackupInstance (0ms)
			ReleaseScriptingObjects (0ms)
			CreateAndSetChildDomain (21ms)
		EndReloadAssembly (904ms)
			LoadAssemblies (86ms)
			RebuildTransferFunctionScriptingTraits (0ms)
			SetupTypeCache (310ms)
			ReleaseScriptCaches (1ms)
			RebuildScriptCaches (54ms)
			SetupLoadedEditorAssemblies (409ms)
				LogAssemblyErrors (0ms)
				InitializePlatformSupportModulesInManaged (7ms)
				SetLoadedEditorAssemblies (1ms)
				RefreshPlugins (1ms)
				BeforeProcessingInitializeOnLoad (93ms)
				ProcessInitializeOnLoadAttributes (271ms)
				ProcessInitializeOnLoadMethodAttributes (28ms)
				AfterProcessingInitializeOnLoad (8ms)
				EditorAssembliesLoaded (0ms)
			ExecutionOrderSort2 (0ms)
			AwakeInstancesAfterBackupRestoration (6ms)
Platform modules already initialized, skipping
========================================================================
Worker process is ready to serve import requests
Launched and connected shader compiler UnityShaderCompiler.exe after 0.05 seconds
Refreshing native plugins compatible for Editor in 1.34 ms, found 3 plugins.
Preloading 0 native plugins for Editor in 0.00 ms.
Unloading 3361 Unused Serialized files (Serialized files now loaded: 0)
Unloading 27 unused Assets / (113.8 KB). Loaded Objects now: 3819.
Memory consumption went from 115.7 MB to 115.6 MB.
Total: 3.818000 ms (FindLiveObjects: 0.351700 ms CreateObjectMapping: 0.146600 ms MarkObjects: 3.179800 ms  DeleteObjects: 0.138700 ms)

AssetImportParameters requested are different than current active one (requested -> active):
  custom:video-decoder-ogg-theora: a1e56fd34408186e4bbccfd4996cb3dc -> 
  custom:container-muxer-webm: aa71ff27fc2769a1b78a27578f13a17b -> 
  custom:container-demuxer-webm: 4f35f7cbe854078d1ac9338744f61a02 -> 
  custom:video-encoder-webm-vp8: eb34c28f22e8b96e1ab97ce403110664 -> 
  custom:audio-encoder-webm-vorbis: bf7c407c2cedff20999df2af8eb42d56 -> 
  custom:framework-win-MediaFoundation: 216162199b28c13a410421893ffa2e32 -> 
  custom:container-demuxer-ogg: 62fdf1f143b41e24485cea50d1cbac27 -> 
  custom:video-decoder-webm-vp8: 9c59270c3fd7afecdb556c50c9e8de78 -> 
  custom:audio-decoder-ogg-vorbis: bf7c407c2cedff20999df2af8eb42d56 -> 
========================================================================
Received Import Request.
  Time since last request: 1551764.071680 seconds.
  path: Assets/Scenes
  artifactKey: Guid(6ea315d0fd7389c41b19996891e99ae3) Importer(815301076,1909f56bfc062723c751e8b465ee728b)
Start importing Assets/Scenes using Guid(6ea315d0fd7389c41b19996891e99ae3) Importer(815301076,1909f56bfc062723c751e8b465ee728b)  -> (artifact id: 'bc172811d573b296104adb4d2728db37') in 0.013213 seconds 
========================================================================
Received Import Request.
  Time since last request: 2.624306 seconds.
  path: Assets/SkySeries Freebie/ExampleScenes/SceneObjects/2_10.mat
  artifactKey: Guid(eb10b6f571322b443bec8c532c088270) Importer(815301076,1909f56bfc062723c751e8b465ee728b)
Start importing Assets/SkySeries Freebie/ExampleScenes/SceneObjects/2_10.mat using Guid(eb10b6f571322b443bec8c532c088270) Importer(815301076,1909f56bfc062723c751e8b465ee728b)  -> (artifact id: '970d3fa07f8c6f7dc7fb7efc061e7959') in 0.159965 seconds 
========================================================================
Received Import Request.
  Time since last request: 0.000034 seconds.
  path: Assets/FBX format/rock_tallC.fbx
  artifactKey: Guid(4a42d396d88c4974db42fdaa01349827) Importer(815301076,1909f56bfc062723c751e8b465ee728b)
Start importing Assets/FBX format/rock_tallC.fbx using Guid(4a42d396d88c4974db42fdaa01349827) Importer(815301076,1909f56bfc062723c751e8b465ee728b)  -> (artifact id: 'eea5874bb43c88dd1192bff319f70185') in 0.071350 seconds 
========================================================================
Received Import Request.
  Time since last request: 0.000031 seconds.
  path: Assets/FBX format/tent_smallClosed.fbx
  artifactKey: Guid(5039e937e2202dc45ac26a602630d173) Importer(815301076,1909f56bfc062723c751e8b465ee728b)
Start importing Assets/FBX format/tent_smallClosed.fbx using Guid(5039e937e2202dc45ac26a602630d173) Importer(815301076,1909f56bfc062723c751e8b465ee728b)  -> (artifact id: '8b3f15f6c163de6cd779f6fcb0812494') in 0.042358 seconds 
========================================================================
Received Import Request.
  Time since last request: 0.000040 seconds.
  path: Assets/FBX format/tree_detailed_fall.fbx
  artifactKey: Guid(7ea4e5ebb22932247b5505099c4385c7) Importer(815301076,1909f56bfc062723c751e8b465ee728b)
Start importing Assets/FBX format/tree_detailed_fall.fbx using Guid(7ea4e5ebb22932247b5505099c4385c7) Importer(815301076,1909f56bfc062723c751e8b465ee728b)  -> (artifact id: '910ea02679a2f86edc0ec0ceb752258a') in 0.037447 seconds 
========================================================================
Received Import Request.
  Time since last request: 0.000039 seconds.
  path: Assets/SkySeries Freebie/ExampleScenes/SceneObjects/8_10.mat
  artifactKey: Guid(964f6a34e2240bf45940918b112ce7be) Importer(815301076,1909f56bfc062723c751e8b465ee728b)
Start importing Assets/SkySeries Freebie/ExampleScenes/SceneObjects/8_10.mat using Guid(964f6a34e2240bf45940918b112ce7be) Importer(815301076,1909f56bfc062723c751e8b465ee728b)  -> (artifact id: '8747505353c3b00768be741919e44c1c') in 0.017928 seconds 
========================================================================
Received Import Request.
  Time since last request: 0.000027 seconds.
  path: Assets/FBX format/path_stoneCorner.fbx
  artifactKey: Guid(af71b45fc04ba7442af05abfde632240) Importer(815301076,1909f56bfc062723c751e8b465ee728b)
Start importing Assets/FBX format/path_stoneCorner.fbx using Guid(af71b45fc04ba7442af05abfde632240) Importer(815301076,1909f56bfc062723c751e8b465ee728b)  -> (artifact id: 'cde043ec2c40de257e629131678f20d5') in 0.036014 seconds 
========================================================================
Received Import Request.
  Time since last request: 0.511888 seconds.
  path: Assets/FBX format/crops_wheatStageB.fbx
  artifactKey: Guid(a4e329cfbd8b3294d9450c0a5b2ea2f3) Importer(815301076,1909f56bfc062723c751e8b465ee728b)
Start importing Assets/FBX format/crops_wheatStageB.fbx using Guid(a4e329cfbd8b3294d9450c0a5b2ea2f3) Importer(815301076,1909f56bfc062723c751e8b465ee728b)  -> (artifact id: 'aaea3f19a518a312316ff337f7be2756') in 0.025601 seconds 
========================================================================
Received Import Request.
  Time since last request: 0.998012 seconds.
  path: Assets/FBX format/rock_tallE.fbx
  artifactKey: Guid(6162892bc6b6a7244b0cf3495105af79) Importer(815301076,1909f56bfc062723c751e8b465ee728b)
Start importing Assets/FBX format/rock_tallE.fbx using Guid(6162892bc6b6a7244b0cf3495105af79) Importer(815301076,1909f56bfc062723c751e8b465ee728b)  -> (artifact id: '3f2b7b3b0589f2913cd21395a8fd8082') in 0.032963 seconds 
========================================================================
Received Import Request.
  Time since last request: 0.000026 seconds.
  path: Assets/FBX format/mushroom_tan.fbx
  artifactKey: Guid(8ce98ba22c8629244b4089a801b7f392) Importer(815301076,1909f56bfc062723c751e8b465ee728b)
Start importing Assets/FBX format/mushroom_tan.fbx using Guid(8ce98ba22c8629244b4089a801b7f392) Importer(815301076,1909f56bfc062723c751e8b465ee728b)  -> (artifact id: 'b572f7a31e1f8631ac6faae6b73a4b47') in 0.031093 seconds 
========================================================================
Received Import Request.
  Time since last request: 0.000031 seconds.
  path: Assets/FBX format/rock_tallF.fbx
  artifactKey: Guid(e50457a73e7462940aa343af8275bc2d) Importer(815301076,1909f56bfc062723c751e8b465ee728b)
Start importing Assets/FBX format/rock_tallF.fbx using Guid(e50457a73e7462940aa343af8275bc2d) Importer(815301076,1909f56bfc062723c751e8b465ee728b)  -> (artifact id: '0e090b0349fddcfa2e35b89f74454bc6') in 0.035573 seconds 
========================================================================
Received Import Request.
  Time since last request: 0.000029 seconds.
  path: Assets/FBX format/stone_largeD.fbx
  artifactKey: Guid(6efaf2a25f5217144a54e7608265dc62) Importer(815301076,1909f56bfc062723c751e8b465ee728b)
Start importing Assets/FBX format/stone_largeD.fbx using Guid(6efaf2a25f5217144a54e7608265dc62) Importer(815301076,1909f56bfc062723c751e8b465ee728b)  -> (artifact id: '2f571b61e714408d3c9f9897076a0c98') in 0.029737 seconds 
========================================================================
Received Import Request.
  Time since last request: 0.473753 seconds.
  path: Assets/FBX format/stone_largeF.fbx
  artifactKey: Guid(6e818061e130add4c8e19bae3aedfc59) Importer(815301076,1909f56bfc062723c751e8b465ee728b)
Start importing Assets/FBX format/stone_largeF.fbx using Guid(6e818061e130add4c8e19bae3aedfc59) Importer(815301076,1909f56bfc062723c751e8b465ee728b)  -> (artifact id: 'd5533e5fcdf7f5b38befee48bdfc5b91') in 0.030641 seconds 
========================================================================
Received Import Request.
  Time since last request: 0.000024 seconds.
  path: Assets/FBX format/stone_tallH.fbx
  artifactKey: Guid(80f07d24d3a302a4498c5da9f655b8d3) Importer(815301076,1909f56bfc062723c751e8b465ee728b)
Start importing Assets/FBX format/stone_tallH.fbx using Guid(80f07d24d3a302a4498c5da9f655b8d3) Importer(815301076,1909f56bfc062723c751e8b465ee728b)  -> (artifact id: 'fe086b43131d0da8a8957171b062ba5c') in 0.031939 seconds 
========================================================================
Received Import Request.
  Time since last request: 0.322021 seconds.
  path: Assets/FBX format/rock_tallJ.fbx
  artifactKey: Guid(2c9075a996021414db022d62dadd4e11) Importer(815301076,1909f56bfc062723c751e8b465ee728b)
Start importing Assets/FBX format/rock_tallJ.fbx using Guid(2c9075a996021414db022d62dadd4e11) Importer(815301076,1909f56bfc062723c751e8b465ee728b)  -> (artifact id: 'c43b8d565ab7da025c63636b4ae6f2bc') in 0.034197 seconds 
========================================================================
Received Import Request.
  Time since last request: 0.000023 seconds.
  path: Assets/FBX format/flower_purpleA.fbx
  artifactKey: Guid(27850b40b5026304b97b9ef623a1f2ba) Importer(815301076,1909f56bfc062723c751e8b465ee728b)
Start importing Assets/FBX format/flower_purpleA.fbx using Guid(27850b40b5026304b97b9ef623a1f2ba) Importer(815301076,1909f56bfc062723c751e8b465ee728b)  -> (artifact id: 'a6465456ca0dfae3f5d37490f656c366') in 0.034117 seconds 
========================================================================
Received Import Request.
  Time since last request: 0.000031 seconds.
  path: Assets/FBX format/tent_detailedOpen.fbx
  artifactKey: Guid(9cb1018587f7bdc4da452a99b5229289) Importer(815301076,1909f56bfc062723c751e8b465ee728b)
Start importing Assets/FBX format/tent_detailedOpen.fbx using Guid(9cb1018587f7bdc4da452a99b5229289) Importer(815301076,1909f56bfc062723c751e8b465ee728b)  -> (artifact id: 'f5d5a408eb40186f6a2acad608d3d3e5') in 0.032929 seconds 
========================================================================
Received Import Request.
  Time since last request: 0.000022 seconds.
  path: Assets/FBX format/tent_detailedClosed.fbx
  artifactKey: Guid(a82f81e4903104d4a81842f8ea93fd8c) Importer(815301076,1909f56bfc062723c751e8b465ee728b)
Start importing Assets/FBX format/tent_detailedClosed.fbx using Guid(a82f81e4903104d4a81842f8ea93fd8c) Importer(815301076,1909f56bfc062723c751e8b465ee728b)  -> (artifact id: 'ea8b2a4688b9a4d90bf2ee2325be0219') in 0.037743 seconds 
========================================================================
Received Import Request.
  Time since last request: 0.000024 seconds.
  path: Assets/FBX format/flower_purpleC.fbx
  artifactKey: Guid(a4cb9b24c4d4a4d4b887718e0654ef6e) Importer(815301076,1909f56bfc062723c751e8b465ee728b)
Start importing Assets/FBX format/flower_purpleC.fbx using Guid(a4cb9b24c4d4a4d4b887718e0654ef6e) Importer(815301076,1909f56bfc062723c751e8b465ee728b)  -> (artifact id: 'd86ecb87d9781fda16de967cd1385b9f') in 0.036730 seconds 
========================================================================
Received Import Request.
  Time since last request: 0.697767 seconds.
  path: Assets/FBX format/flower_yellowC.fbx
  artifactKey: Guid(bc9892db7ee3c3a4ba6742d9e751d05e) Importer(815301076,1909f56bfc062723c751e8b465ee728b)
Start importing Assets/FBX format/flower_yellowC.fbx using Guid(bc9892db7ee3c3a4ba6742d9e751d05e) Importer(815301076,1909f56bfc062723c751e8b465ee728b)  -> (artifact id: '89b15dbe347ed183af62926a0a3d3304') in 0.029849 seconds 
========================================================================
Received Import Request.
  Time since last request: 0.020369 seconds.
  path: Assets/SkySeries Freebie/CoriolisNight4k.mat
  artifactKey: Guid(d4454f71d85928744be7771e2143dab7) Importer(815301076,1909f56bfc062723c751e8b465ee728b)
Start importing Assets/SkySeries Freebie/CoriolisNight4k.mat using Guid(d4454f71d85928744be7771e2143dab7) Importer(815301076,1909f56bfc062723c751e8b465ee728b)  -> (artifact id: 'a0989b05677c8c213591413309c13ae2') in 0.072227 seconds 
========================================================================
Received Import Request.
  Time since last request: 1.631376 seconds.
  path: Assets/FBX format/ground_pathSplit.fbx
  artifactKey: Guid(a1af215266d35ad409763ffa61db31e6) Importer(815301076,1909f56bfc062723c751e8b465ee728b)
Start importing Assets/FBX format/ground_pathSplit.fbx using Guid(a1af215266d35ad409763ffa61db31e6) Importer(815301076,1909f56bfc062723c751e8b465ee728b)  -> (artifact id: '565a68fac6a5f0763915cce2b89dfa0b') in 0.034311 seconds 
========================================================================
Received Import Request.
  Time since last request: 0.019602 seconds.
  path: Assets/FBX format/ground_pathRocks.fbx
  artifactKey: Guid(406e1f1b9f90a024e945170346e7d94f) Importer(815301076,1909f56bfc062723c751e8b465ee728b)
Start importing Assets/FBX format/ground_pathRocks.fbx using Guid(406e1f1b9f90a024e945170346e7d94f) Importer(815301076,1909f56bfc062723c751e8b465ee728b)  -> (artifact id: '31631fffa797ed68514aa0dd84b69365') in 0.032718 seconds 
========================================================================
Received Import Request.
  Time since last request: 0.434775 seconds.
  path: Assets/FBX format/ground_pathCross.fbx
  artifactKey: Guid(c2987faf294099c40b30921d012cc0ca) Importer(815301076,1909f56bfc062723c751e8b465ee728b)
Start importing Assets/FBX format/ground_pathCross.fbx using Guid(c2987faf294099c40b30921d012cc0ca) Importer(815301076,1909f56bfc062723c751e8b465ee728b)  -> (artifact id: 'c518bd368a7ddf4c3e777da3d635c634') in 0.030745 seconds 
========================================================================
Received Import Request.
  Time since last request: 0.339440 seconds.
  path: Assets/FBX format/ground_pathBendBank.fbx
  artifactKey: Guid(bcfe2650f177e6d428c35db0766c0d89) Importer(815301076,1909f56bfc062723c751e8b465ee728b)
Start importing Assets/FBX format/ground_pathBendBank.fbx using Guid(bcfe2650f177e6d428c35db0766c0d89) Importer(815301076,1909f56bfc062723c751e8b465ee728b)  -> (artifact id: 'e5acc6017b3239e97bbd75c4233fc490') in 0.032583 seconds 
========================================================================
Received Import Request.
  Time since last request: 0.000023 seconds.
  path: Assets/FBX format/rock_smallE.fbx
  artifactKey: Guid(3ce75f0e8b215a94ab9597fdff85afe2) Importer(815301076,1909f56bfc062723c751e8b465ee728b)
Start importing Assets/FBX format/rock_smallE.fbx using Guid(3ce75f0e8b215a94ab9597fdff85afe2) Importer(815301076,1909f56bfc062723c751e8b465ee728b)  -> (artifact id: '03d3151e7da34c292410469b4d4088a8') in 0.029059 seconds 
========================================================================
Received Import Request.
  Time since last request: 0.000031 seconds.
  path: Assets/FBX format/rock_smallG.fbx
  artifactKey: Guid(6c01006f0b932134ca3141898908cfcb) Importer(815301076,1909f56bfc062723c751e8b465ee728b)
Start importing Assets/FBX format/rock_smallG.fbx using Guid(6c01006f0b932134ca3141898908cfcb) Importer(815301076,1909f56bfc062723c751e8b465ee728b)  -> (artifact id: '96303657773f04b647830ae9445d95b9') in 0.030466 seconds 
========================================================================
Received Import Request.
  Time since last request: 0.579195 seconds.
  path: Assets/FBX format/rock_smallH.fbx
  artifactKey: Guid(0d0684d0c60b940429da43169e58e667) Importer(815301076,1909f56bfc062723c751e8b465ee728b)
Start importing Assets/FBX format/rock_smallH.fbx using Guid(0d0684d0c60b940429da43169e58e667) Importer(815301076,1909f56bfc062723c751e8b465ee728b)  -> (artifact id: '9f90abea28533efd1aa1d9a78fc32a87') in 0.033439 seconds 
========================================================================
Received Import Request.
  Time since last request: 0.007947 seconds.
  path: Assets/FBX format/rock_smallD.fbx
  artifactKey: Guid(388467bfee3816449842de55e934d108) Importer(815301076,1909f56bfc062723c751e8b465ee728b)
Start importing Assets/FBX format/rock_smallD.fbx using Guid(388467bfee3816449842de55e934d108) Importer(815301076,1909f56bfc062723c751e8b465ee728b)  -> (artifact id: 'db8770f015e12b0089f8a4fbab0417bf') in 0.029210 seconds 
========================================================================
Received Import Request.
  Time since last request: 0.000025 seconds.
  path: Assets/FBX format/ground_riverEndClosed.fbx
  artifactKey: Guid(fdbe6c07d525d5a44bc382c50e6d5ee2) Importer(815301076,1909f56bfc062723c751e8b465ee728b)
Start importing Assets/FBX format/ground_riverEndClosed.fbx using Guid(fdbe6c07d525d5a44bc382c50e6d5ee2) Importer(815301076,1909f56bfc062723c751e8b465ee728b)  -> (artifact id: '056435f500a8ec7c3f471af8ab695ae9') in 0.039557 seconds 
Editor requested this worker to shutdown with reason: Scaling down because of idle timeout
AssetImportWorker is now disconnected from the server
Process exiting
Exiting without the bug reporter. Application will terminate with return code 0