Using pre-set license
Built from '2021.3/staging' branch; Version is '2021.3.16f1 (4016570cf34f) revision 4200023'; Using compiler version '192829333'; Build Type 'Release'
OS: 'Windows 11  (10.0.22621) 64bit Professional' Language: 'en' Physical Memory: 16337 MB
BatchMode: 1, IsHumanControllingUs: 0, StartBugReporterOnCrash: 0, Is64bit: 1, IsPro: 1

COMMAND LINE ARGUMENTS:
C:\Program Files\Unity\Hub\Editor\2021.3.16f1\Editor\Unity.exe
-adb2
-batchMode
-noUpm
-name
AssetImportWorker4
-projectPath
C:/Users/halpi/Desktop/Game Tools AI/GameToolsAiProject/AI Project
-logFile
Logs/AssetImportWorker4.log
-srvPort
57904
Successfully changed project path to: C:/Users/halpi/Desktop/Game Tools AI/GameToolsAiProject/AI Project
C:/Users/halpi/Desktop/Game Tools AI/GameToolsAiProject/AI Project
[UnityMemory] Configuration Parameters - Can be set up in boot.config
    "memorysetup-bucket-allocator-granularity=16"
    "memorysetup-bucket-allocator-bucket-count=8"
    "memorysetup-bucket-allocator-block-size=33554432"
    "memorysetup-bucket-allocator-block-count=8"
    "memorysetup-main-allocator-block-size=16777216"
    "memorysetup-thread-allocator-block-size=16777216"
    "memorysetup-gfx-main-allocator-block-size=16777216"
    "memorysetup-gfx-thread-allocator-block-size=16777216"
    "memorysetup-cache-allocator-block-size=4194304"
    "memorysetup-typetree-allocator-block-size=2097152"
    "memorysetup-profiler-bucket-allocator-granularity=16"
    "memorysetup-profiler-bucket-allocator-bucket-count=8"
    "memorysetup-profiler-bucket-allocator-block-size=33554432"
    "memorysetup-profiler-bucket-allocator-block-count=8"
    "memorysetup-profiler-allocator-block-size=16777216"
    "memorysetup-profiler-editor-allocator-block-size=1048576"
    "memorysetup-temp-allocator-size-main=16777216"
    "memorysetup-job-temp-allocator-block-size=2097152"
    "memorysetup-job-temp-allocator-block-size-background=1048576"
    "memorysetup-job-temp-allocator-reduction-small-platforms=262144"
    "memorysetup-temp-allocator-size-background-worker=32768"
    "memorysetup-temp-allocator-size-job-worker=262144"
    "memorysetup-temp-allocator-size-preload-manager=33554432"
    "memorysetup-temp-allocator-size-nav-mesh-worker=65536"
    "memorysetup-temp-allocator-size-audio-worker=65536"
    "memorysetup-temp-allocator-size-cloud-worker=32768"
    "memorysetup-temp-allocator-size-gi-baking-worker=262144"
    "memorysetup-temp-allocator-size-gfx=262144"
Player connection [21304] Host "[IP] 192.168.0.150 [Port] 0 [Flags] 2 [Guid] 4099293126 [EditorId] 4099293126 [Version] 1048832 [Id] WindowsEditor(7,DESKTOP-OJRQH4Q) [Debug] 1 [PackageName] WindowsEditor [ProjectName] Editor" joined multi-casting on [225.0.0.222:54997]...

Player connection [21304] Host "[IP] 192.168.0.150 [Port] 0 [Flags] 2 [Guid] 4099293126 [EditorId] 4099293126 [Version] 1048832 [Id] WindowsEditor(7,DESKTOP-OJRQH4Q) [Debug] 1 [PackageName] WindowsEditor [ProjectName] Editor" joined alternative multi-casting on [225.0.0.222:34997]...

Refreshing native plugins compatible for Editor in 94.35 ms, found 3 plugins.
Preloading 0 native plugins for Editor in 0.00 ms.
Initialize engine version: 2021.3.16f1 (4016570cf34f)
[Subsystems] Discovering subsystems at path C:/Program Files/Unity/Hub/Editor/2021.3.16f1/Editor/Data/Resources/UnitySubsystems
[Subsystems] Discovering subsystems at path C:/Users/halpi/Desktop/Game Tools AI/GameToolsAiProject/AI Project/Assets
GfxDevice: creating device client; threaded=0; jobified=0
Direct3D:
    Version:  Direct3D 11.0 [level 11.1]
    Renderer: NVIDIA GeForce GTX 1070 (ID=0x1b81)
    Vendor:   NVIDIA
    VRAM:     8088 MB
    Driver:   31.0.15.1694
Initialize mono
Mono path[0] = 'C:/Program Files/Unity/Hub/Editor/2021.3.16f1/Editor/Data/Managed'
Mono path[1] = 'C:/Program Files/Unity/Hub/Editor/2021.3.16f1/Editor/Data/MonoBleedingEdge/lib/mono/unityjit-win32'
Mono config path = 'C:/Program Files/Unity/Hub/Editor/2021.3.16f1/Editor/Data/MonoBleedingEdge/etc'
Using monoOptions --debugger-agent=transport=dt_socket,embedding=1,server=y,suspend=n,address=127.0.0.1:56988
Begin MonoManager ReloadAssembly
Registering precompiled unity dll's ...
Register platform support module: C:/Program Files/Unity/Hub/Editor/2021.3.16f1/Editor/Data/PlaybackEngines/WebGLSupport/UnityEditor.WebGL.Extensions.dll
Register platform support module: C:/Program Files/Unity/Hub/Editor/2021.3.16f1/Editor/Data/PlaybackEngines/WindowsStandaloneSupport/UnityEditor.WindowsStandalone.Extensions.dll
Registered in 0.006090 seconds.
Native extension for WindowsStandalone target not found
Native extension for WebGL target not found
Refreshing native plugins compatible for Editor in 89.15 ms, found 3 plugins.
Preloading 0 native plugins for Editor in 0.00 ms.
Mono: successfully reloaded assembly
- Completed reload, in  0.748 seconds
Domain Reload Profiling:
	ReloadAssembly (748ms)
		BeginReloadAssembly (92ms)
			ExecutionOrderSort (0ms)
			DisableScriptedObjects (0ms)
			BackupInstance (0ms)
			ReleaseScriptingObjects (0ms)
			CreateAndSetChildDomain (1ms)
		EndReloadAssembly (530ms)
			LoadAssemblies (90ms)
			RebuildTransferFunctionScriptingTraits (0ms)
			SetupTypeCache (115ms)
			ReleaseScriptCaches (0ms)
			RebuildScriptCaches (29ms)
			SetupLoadedEditorAssemblies (327ms)
				LogAssemblyErrors (0ms)
				InitializePlatformSupportModulesInManaged (10ms)
				SetLoadedEditorAssemblies (0ms)
				RefreshPlugins (89ms)
				BeforeProcessingInitializeOnLoad (1ms)
				ProcessInitializeOnLoadAttributes (175ms)
				ProcessInitializeOnLoadMethodAttributes (52ms)
				AfterProcessingInitializeOnLoad (0ms)
				EditorAssembliesLoaded (0ms)
			ExecutionOrderSort2 (0ms)
			AwakeInstancesAfterBackupRestoration (0ms)
Platform modules already initialized, skipping
Registering precompiled user dll's ...
Registered in 0.006696 seconds.
Begin MonoManager ReloadAssembly
Symbol file LoadedFromMemory doesn't match image C:\Users\halpi\Desktop\Game Tools AI\GameToolsAiProject\AI Project\Library\PackageCache\com.unity.visualscripting@1.7.8\Editor\VisualScripting.Core\Dependencies\YamlDotNet\Unity.VisualScripting.YamlDotNet.dll
Symbol file LoadedFromMemory doesn't match image C:\Users\halpi\Desktop\Game Tools AI\GameToolsAiProject\AI Project\Library\PackageCache\com.unity.visualscripting@1.7.8\Editor\VisualScripting.Core\Dependencies\DotNetZip\Unity.VisualScripting.IonicZip.dll
Native extension for WindowsStandalone target not found
Native extension for WebGL target not found
Refreshing native plugins compatible for Editor in 0.65 ms, found 3 plugins.
Preloading 0 native plugins for Editor in 0.00 ms.
Mono: successfully reloaded assembly
- Completed reload, in  1.149 seconds
Domain Reload Profiling:
	ReloadAssembly (1150ms)
		BeginReloadAssembly (122ms)
			ExecutionOrderSort (0ms)
			DisableScriptedObjects (7ms)
			BackupInstance (0ms)
			ReleaseScriptingObjects (0ms)
			CreateAndSetChildDomain (21ms)
		EndReloadAssembly (890ms)
			LoadAssemblies (91ms)
			RebuildTransferFunctionScriptingTraits (0ms)
			SetupTypeCache (283ms)
			ReleaseScriptCaches (1ms)
			RebuildScriptCaches (53ms)
			SetupLoadedEditorAssemblies (421ms)
				LogAssemblyErrors (0ms)
				InitializePlatformSupportModulesInManaged (7ms)
				SetLoadedEditorAssemblies (1ms)
				RefreshPlugins (1ms)
				BeforeProcessingInitializeOnLoad (97ms)
				ProcessInitializeOnLoadAttributes (276ms)
				ProcessInitializeOnLoadMethodAttributes (31ms)
				AfterProcessingInitializeOnLoad (8ms)
				EditorAssembliesLoaded (0ms)
			ExecutionOrderSort2 (0ms)
			AwakeInstancesAfterBackupRestoration (7ms)
Platform modules already initialized, skipping
========================================================================
Worker process is ready to serve import requests
Launched and connected shader compiler UnityShaderCompiler.exe after 0.06 seconds
Refreshing native plugins compatible for Editor in 1.20 ms, found 3 plugins.
Preloading 0 native plugins for Editor in 0.00 ms.
Unloading 3361 Unused Serialized files (Serialized files now loaded: 0)
Unloading 27 unused Assets / (113.8 KB). Loaded Objects now: 3819.
Memory consumption went from 115.7 MB to 115.6 MB.
Total: 3.786500 ms (FindLiveObjects: 0.311900 ms CreateObjectMapping: 0.096200 ms MarkObjects: 3.241600 ms  DeleteObjects: 0.135400 ms)

AssetImportParameters requested are different than current active one (requested -> active):
  custom:video-decoder-ogg-theora: a1e56fd34408186e4bbccfd4996cb3dc -> 
  custom:container-muxer-webm: aa71ff27fc2769a1b78a27578f13a17b -> 
  custom:container-demuxer-webm: 4f35f7cbe854078d1ac9338744f61a02 -> 
  custom:video-encoder-webm-vp8: eb34c28f22e8b96e1ab97ce403110664 -> 
  custom:audio-encoder-webm-vorbis: bf7c407c2cedff20999df2af8eb42d56 -> 
  custom:framework-win-MediaFoundation: 216162199b28c13a410421893ffa2e32 -> 
  custom:container-demuxer-ogg: 62fdf1f143b41e24485cea50d1cbac27 -> 
  custom:video-decoder-webm-vp8: 9c59270c3fd7afecdb556c50c9e8de78 -> 
  custom:audio-decoder-ogg-vorbis: bf7c407c2cedff20999df2af8eb42d56 -> 
========================================================================
Received Import Request.
  Time since last request: 1553321.785088 seconds.
  path: Assets/SkySeries Freebie/FluffballDay.mat
  artifactKey: Guid(20d4f77b9022eab48b4d94599ed4bf82) Importer(815301076,1909f56bfc062723c751e8b465ee728b)
Start importing Assets/SkySeries Freebie/FluffballDay.mat using Guid(20d4f77b9022eab48b4d94599ed4bf82) Importer(815301076,1909f56bfc062723c751e8b465ee728b)  -> (artifact id: 'e8f2714fc3e9eb4fcc66515b63b31d8a') in 0.253787 seconds 
========================================================================
Received Import Request.
  Time since last request: 0.000041 seconds.
  path: Assets/FBX format/plant_bushTriangle.fbx
  artifactKey: Guid(14b771fde67dbbf47972f9745c629ae6) Importer(815301076,1909f56bfc062723c751e8b465ee728b)
Start importing Assets/FBX format/plant_bushTriangle.fbx using Guid(14b771fde67dbbf47972f9745c629ae6) Importer(815301076,1909f56bfc062723c751e8b465ee728b)  -> (artifact id: 'e04df972eb76aa13674e27e08e32af22') in 0.092402 seconds 
========================================================================
Received Import Request.
  Time since last request: 0.000046 seconds.
  path: Assets/FBX format/tree_simple.fbx
  artifactKey: Guid(2d59b76244a72ca4ebc1d8035541a159) Importer(815301076,1909f56bfc062723c751e8b465ee728b)
Start importing Assets/FBX format/tree_simple.fbx using Guid(2d59b76244a72ca4ebc1d8035541a159) Importer(815301076,1909f56bfc062723c751e8b465ee728b)  -> (artifact id: 'f22b5b0eeb750aa76c2a62c29013bd7c') in 0.031109 seconds 
========================================================================
Received Import Request.
  Time since last request: 0.000024 seconds.
  path: Assets/FBX format/ground_grass.fbx
  artifactKey: Guid(8ec88f5c7562fed41b89adfdaba721d6) Importer(815301076,1909f56bfc062723c751e8b465ee728b)
Start importing Assets/FBX format/ground_grass.fbx using Guid(8ec88f5c7562fed41b89adfdaba721d6) Importer(815301076,1909f56bfc062723c751e8b465ee728b)  -> (artifact id: '16483d4b07cc92b79415122f699c46a9') in 0.025478 seconds 
========================================================================
Received Import Request.
  Time since last request: 0.000029 seconds.
  path: Assets/FBX format/tree_pineRoundC.fbx
  artifactKey: Guid(f26dfa94eddba0346bc46b71e944c70a) Importer(815301076,1909f56bfc062723c751e8b465ee728b)
Start importing Assets/FBX format/tree_pineRoundC.fbx using Guid(f26dfa94eddba0346bc46b71e944c70a) Importer(815301076,1909f56bfc062723c751e8b465ee728b)  -> (artifact id: '4c1929954b29fb3c1d7221bdace3db19') in 0.030815 seconds 
========================================================================
Received Import Request.
  Time since last request: 0.000032 seconds.
  path: Assets/FBX format/tree_pineSmallC.fbx
  artifactKey: Guid(1860c0fe8bb3b594e847cfb624f7b7c1) Importer(815301076,1909f56bfc062723c751e8b465ee728b)
Start importing Assets/FBX format/tree_pineSmallC.fbx using Guid(1860c0fe8bb3b594e847cfb624f7b7c1) Importer(815301076,1909f56bfc062723c751e8b465ee728b)  -> (artifact id: '6e67a0bf9fcc0ded53a46cd34a28d25f') in 0.031414 seconds 
========================================================================
Received Import Request.
  Time since last request: 0.000030 seconds.
  path: Assets/FBX format/tree_fat_fall.fbx
  artifactKey: Guid(b3e0f18035b234a4f94b8090792bc7d0) Importer(815301076,1909f56bfc062723c751e8b465ee728b)
Start importing Assets/FBX format/tree_fat_fall.fbx using Guid(b3e0f18035b234a4f94b8090792bc7d0) Importer(815301076,1909f56bfc062723c751e8b465ee728b)  -> (artifact id: 'd10175a6dea30b913cac466c0678e56d') in 0.029535 seconds 
========================================================================
Received Import Request.
  Time since last request: 0.000029 seconds.
  path: Assets/FBX format/tree_thin_fall.fbx
  artifactKey: Guid(21d5ab51e14d09447a35d1cebe91a64d) Importer(815301076,1909f56bfc062723c751e8b465ee728b)
Start importing Assets/FBX format/tree_thin_fall.fbx using Guid(21d5ab51e14d09447a35d1cebe91a64d) Importer(815301076,1909f56bfc062723c751e8b465ee728b)  -> (artifact id: 'a24bbd8b321e72bb317a659266facb2d') in 0.036203 seconds 
========================================================================
Received Import Request.
  Time since last request: 0.000036 seconds.
  path: Assets/FBX format/tree_cone_dark.fbx
  artifactKey: Guid(27bd1be382fe8ba49b86bccc4130c26d) Importer(815301076,1909f56bfc062723c751e8b465ee728b)
Start importing Assets/FBX format/tree_cone_dark.fbx using Guid(27bd1be382fe8ba49b86bccc4130c26d) Importer(815301076,1909f56bfc062723c751e8b465ee728b)  -> (artifact id: '4f6b75c681cf3092be317d51550ac7e9') in 0.037265 seconds 
========================================================================
Received Import Request.
  Time since last request: 0.000038 seconds.
  path: Assets/FBX format/stone_largeE.fbx
  artifactKey: Guid(720eb6c0d7f8a654ba31fc4def47ce26) Importer(815301076,1909f56bfc062723c751e8b465ee728b)
Start importing Assets/FBX format/stone_largeE.fbx using Guid(720eb6c0d7f8a654ba31fc4def47ce26) Importer(815301076,1909f56bfc062723c751e8b465ee728b)  -> (artifact id: '4bb7cb5a5263beae5d1d7f27f8584c2c') in 0.025002 seconds 
========================================================================
Received Import Request.
  Time since last request: 0.000041 seconds.
  path: Assets/FBX format/path_stoneCircle.fbx
  artifactKey: Guid(028657b50daa8ac40bd49caa1c2023a3) Importer(815301076,1909f56bfc062723c751e8b465ee728b)
Start importing Assets/FBX format/path_stoneCircle.fbx using Guid(028657b50daa8ac40bd49caa1c2023a3) Importer(815301076,1909f56bfc062723c751e8b465ee728b)  -> (artifact id: 'dc0e9efc6045a6e7d45994bfbcba304f') in 0.040203 seconds 
========================================================================
Received Import Request.
  Time since last request: 0.000034 seconds.
  path: Assets/SkySeries Freebie/SunlessCirruscover.mat
  artifactKey: Guid(4e154bf235e41704bbd6bbc6fd6c63f6) Importer(815301076,1909f56bfc062723c751e8b465ee728b)
Start importing Assets/SkySeries Freebie/SunlessCirruscover.mat using Guid(4e154bf235e41704bbd6bbc6fd6c63f6) Importer(815301076,1909f56bfc062723c751e8b465ee728b)  -> (artifact id: '9d5a6e3c7307d5815e333753e1930081') in 0.061858 seconds 
========================================================================
Received Import Request.
  Time since last request: 0.000050 seconds.
  path: Assets/FBX format/fence_simpleDiagonal.fbx
  artifactKey: Guid(55a09dfe9ddab784fb1295fa0c0c76a5) Importer(815301076,1909f56bfc062723c751e8b465ee728b)
Start importing Assets/FBX format/fence_simpleDiagonal.fbx using Guid(55a09dfe9ddab784fb1295fa0c0c76a5) Importer(815301076,1909f56bfc062723c751e8b465ee728b)  -> (artifact id: 'a95ee7b1b462b90d3680c1799bdaa35a') in 0.032335 seconds 
========================================================================
Received Import Request.
  Time since last request: 0.000033 seconds.
  path: Assets/FBX format/statue_obelisk.fbx
  artifactKey: Guid(11660a3b20a00bc44a36408bc9b15604) Importer(815301076,1909f56bfc062723c751e8b465ee728b)
Start importing Assets/FBX format/statue_obelisk.fbx using Guid(11660a3b20a00bc44a36408bc9b15604) Importer(815301076,1909f56bfc062723c751e8b465ee728b)  -> (artifact id: '0f1e38e62f2643029c7daafae65449d7') in 0.032636 seconds 
========================================================================
Received Import Request.
  Time since last request: 0.000037 seconds.
  path: Assets/FBX format/tree_pineTallB_detailed.fbx
  artifactKey: Guid(13e5bc78193ff3a4f91b6acac1005bca) Importer(815301076,1909f56bfc062723c751e8b465ee728b)
Start importing Assets/FBX format/tree_pineTallB_detailed.fbx using Guid(13e5bc78193ff3a4f91b6acac1005bca) Importer(815301076,1909f56bfc062723c751e8b465ee728b)  -> (artifact id: '23ed5f86a1263c2a21c75e1e89b00e50') in 0.037445 seconds 
========================================================================
Received Import Request.
  Time since last request: 0.000071 seconds.
  path: Assets/FBX format/tree_oak_dark.fbx
  artifactKey: Guid(fb8c89ffad5b779408009b67972e2d83) Importer(815301076,1909f56bfc062723c751e8b465ee728b)
Start importing Assets/FBX format/tree_oak_dark.fbx using Guid(fb8c89ffad5b779408009b67972e2d83) Importer(815301076,1909f56bfc062723c751e8b465ee728b)  -> (artifact id: 'aa9fda075a2062f4a6d7714695aa0fc8') in 0.031568 seconds 
========================================================================
Received Import Request.
  Time since last request: 0.000029 seconds.
  path: Assets/FBX format/platform_beach.fbx
  artifactKey: Guid(05fb4c75b5fd1c94980445f766b64e60) Importer(815301076,1909f56bfc062723c751e8b465ee728b)
Start importing Assets/FBX format/platform_beach.fbx using Guid(05fb4c75b5fd1c94980445f766b64e60) Importer(815301076,1909f56bfc062723c751e8b465ee728b)  -> (artifact id: '30f0dc6d62965a8c455d45544471ffbe') in 0.025291 seconds 
========================================================================
Received Import Request.
  Time since last request: 0.000038 seconds.
  path: Assets/FBX format/stone_smallG.fbx
  artifactKey: Guid(6eb6c8215232392458d2ec4c4b25845d) Importer(815301076,1909f56bfc062723c751e8b465ee728b)
Start importing Assets/FBX format/stone_smallG.fbx using Guid(6eb6c8215232392458d2ec4c4b25845d) Importer(815301076,1909f56bfc062723c751e8b465ee728b)  -> (artifact id: '013209db9dcb8497423b0cf503b80a73') in 0.025537 seconds 
========================================================================
Received Import Request.
  Time since last request: 0.000028 seconds.
  path: Assets/FBX format/stone_largeC.fbx
  artifactKey: Guid(79d7039f25629874cbc4d78c4d561cda) Importer(815301076,1909f56bfc062723c751e8b465ee728b)
Start importing Assets/FBX format/stone_largeC.fbx using Guid(79d7039f25629874cbc4d78c4d561cda) Importer(815301076,1909f56bfc062723c751e8b465ee728b)  -> (artifact id: '3591b458a0eadb4ad67acd5029d1be34') in 0.026441 seconds 
========================================================================
Received Import Request.
  Time since last request: 0.000020 seconds.
  path: Assets/FBX format/plant_bushLarge.fbx
  artifactKey: Guid(4861db2a03e89174b815fe3af53166dd) Importer(815301076,1909f56bfc062723c751e8b465ee728b)
Start importing Assets/FBX format/plant_bushLarge.fbx using Guid(4861db2a03e89174b815fe3af53166dd) Importer(815301076,1909f56bfc062723c751e8b465ee728b)  -> (artifact id: 'd5bca409a32e4c63b2a9df416cbbb2e1') in 0.025498 seconds 
========================================================================
Received Import Request.
  Time since last request: 0.000031 seconds.
  path: Assets/FBX format/stump_square.fbx
  artifactKey: Guid(e6fdc05661438a244a73e6115e880d37) Importer(815301076,1909f56bfc062723c751e8b465ee728b)
Start importing Assets/FBX format/stump_square.fbx using Guid(e6fdc05661438a244a73e6115e880d37) Importer(815301076,1909f56bfc062723c751e8b465ee728b)  -> (artifact id: '7d94255d89943f53e943594bf1f0f3e1') in 0.033294 seconds 
========================================================================
Received Import Request.
  Time since last request: 0.000029 seconds.
  path: Assets/FBX format/stone_smallFlatB.fbx
  artifactKey: Guid(c40ef2c74d1abd94daa13c44f0784883) Importer(815301076,1909f56bfc062723c751e8b465ee728b)
Start importing Assets/FBX format/stone_smallFlatB.fbx using Guid(c40ef2c74d1abd94daa13c44f0784883) Importer(815301076,1909f56bfc062723c751e8b465ee728b)  -> (artifact id: '07a1a946abe6bb72250079b2446a67b2') in 0.026340 seconds 
========================================================================
Received Import Request.
  Time since last request: 0.000042 seconds.
  path: Assets/FBX format/tree_pineRoundE.fbx
  artifactKey: Guid(7bece6a3848a26c4f8da5ec5269fc324) Importer(815301076,1909f56bfc062723c751e8b465ee728b)
Start importing Assets/FBX format/tree_pineRoundE.fbx using Guid(7bece6a3848a26c4f8da5ec5269fc324) Importer(815301076,1909f56bfc062723c751e8b465ee728b)  -> (artifact id: 'ba1509fd0ed7e845b8911873ca991688') in 0.029384 seconds 
========================================================================
Received Import Request.
  Time since last request: 0.000039 seconds.
  path: Assets/FBX format/tree_blocks_fall.fbx
  artifactKey: Guid(b5d3a937d49a64045810dd62128f0791) Importer(815301076,1909f56bfc062723c751e8b465ee728b)
Start importing Assets/FBX format/tree_blocks_fall.fbx using Guid(b5d3a937d49a64045810dd62128f0791) Importer(815301076,1909f56bfc062723c751e8b465ee728b)  -> (artifact id: '84219cbdaa96aa2903e905939d0f1e5d') in 0.030439 seconds 
========================================================================
Received Import Request.
  Time since last request: 0.000031 seconds.
  path: Assets/SkySeries Freebie/UnderTheSea4k.mat
  artifactKey: Guid(119ec07f1c7ed204db46bd8465fd5a50) Importer(815301076,1909f56bfc062723c751e8b465ee728b)
Start importing Assets/SkySeries Freebie/UnderTheSea4k.mat using Guid(119ec07f1c7ed204db46bd8465fd5a50) Importer(815301076,1909f56bfc062723c751e8b465ee728b)  -> (artifact id: '06460b0ca5c61e3ff11849877f741951') in 0.044977 seconds 
========================================================================
Received Import Request.
  Time since last request: 0.000031 seconds.
  path: Assets/FBX format/tree_pineRoundD.fbx
  artifactKey: Guid(467dde4531d78da4fbbbbef881b3ebde) Importer(815301076,1909f56bfc062723c751e8b465ee728b)
Start importing Assets/FBX format/tree_pineRoundD.fbx using Guid(467dde4531d78da4fbbbbef881b3ebde) Importer(815301076,1909f56bfc062723c751e8b465ee728b)  -> (artifact id: '54bfb07536fb43e55c9ffcf6e6c6e3a6') in 0.031573 seconds 
========================================================================
Received Import Request.
  Time since last request: 0.000029 seconds.
  path: Assets/FBX format/lily_small.fbx
  artifactKey: Guid(b16b1b51c5c59ae4ea35623edbc864e7) Importer(815301076,1909f56bfc062723c751e8b465ee728b)
Start importing Assets/FBX format/lily_small.fbx using Guid(b16b1b51c5c59ae4ea35623edbc864e7) Importer(815301076,1909f56bfc062723c751e8b465ee728b)  -> (artifact id: '5bd7ba98eb2b34c7dea291a5775d533c') in 0.032177 seconds 
========================================================================
Received Import Request.
  Time since last request: 0.000047 seconds.
  path: Assets/FBX format/stump_round.fbx
  artifactKey: Guid(b1da6b27a437ee444a270d0f577ddb2f) Importer(815301076,1909f56bfc062723c751e8b465ee728b)
Start importing Assets/FBX format/stump_round.fbx using Guid(b1da6b27a437ee444a270d0f577ddb2f) Importer(815301076,1909f56bfc062723c751e8b465ee728b)  -> (artifact id: 'c5cbb81e1a05c41306f6446f88ea2b2a') in 0.039550 seconds 
========================================================================
Received Import Request.
  Time since last request: 0.000038 seconds.
  path: Assets/FBX format/stone_smallB.fbx
  artifactKey: Guid(ff8ef246f22f1fd4d95da15e0efa4f99) Importer(815301076,1909f56bfc062723c751e8b465ee728b)
Start importing Assets/FBX format/stone_smallB.fbx using Guid(ff8ef246f22f1fd4d95da15e0efa4f99) Importer(815301076,1909f56bfc062723c751e8b465ee728b)  -> (artifact id: '24fe6efa112e4b548ea7e6012160b7ad') in 0.026409 seconds 
========================================================================
Received Import Request.
  Time since last request: 0.000046 seconds.
  path: Assets/FBX format/tree_simple_dark.fbx
  artifactKey: Guid(56c1f8a36df81d048aa217f2020c7369) Importer(815301076,1909f56bfc062723c751e8b465ee728b)
Start importing Assets/FBX format/tree_simple_dark.fbx using Guid(56c1f8a36df81d048aa217f2020c7369) Importer(815301076,1909f56bfc062723c751e8b465ee728b)  -> (artifact id: 'bd5d0579d71bba35a6a5ca16816fd8d6') in 0.032366 seconds 
========================================================================
Received Import Request.
  Time since last request: 0.000030 seconds.
  path: Assets/FBX format/tree_pineDefaultA.fbx
  artifactKey: Guid(823e9a3112ddcb64db2edd879e8cfa27) Importer(815301076,1909f56bfc062723c751e8b465ee728b)
Start importing Assets/FBX format/tree_pineDefaultA.fbx using Guid(823e9a3112ddcb64db2edd879e8cfa27) Importer(815301076,1909f56bfc062723c751e8b465ee728b)  -> (artifact id: '13cc18a2888f543d420a0c899ab7a27f') in 0.028348 seconds 
========================================================================
Received Import Request.
  Time since last request: 0.000028 seconds.
  path: Assets/FBX format/grass_leafs.fbx
  artifactKey: Guid(f7e11ca1f00baf9428ae0fb3b0713814) Importer(815301076,1909f56bfc062723c751e8b465ee728b)
Start importing Assets/FBX format/grass_leafs.fbx using Guid(f7e11ca1f00baf9428ae0fb3b0713814) Importer(815301076,1909f56bfc062723c751e8b465ee728b)  -> (artifact id: 'c3ce75e7e3567a5cdc17b4a186e427a5') in 0.024410 seconds 
========================================================================
Received Import Request.
  Time since last request: 0.000028 seconds.
  path: Assets/FBX format/stump_squareDetailed.fbx
  artifactKey: Guid(605a66dfde0cf1c4dac3536562fb64de) Importer(815301076,1909f56bfc062723c751e8b465ee728b)
Start importing Assets/FBX format/stump_squareDetailed.fbx using Guid(605a66dfde0cf1c4dac3536562fb64de) Importer(815301076,1909f56bfc062723c751e8b465ee728b)  -> (artifact id: '245ee2c701837ffc563a7725ef0cc6dd') in 0.032400 seconds 
========================================================================
Received Import Request.
  Time since last request: 0.000029 seconds.
  path: Assets/FBX format/grass.fbx
  artifactKey: Guid(28b79c132cf709340be8d0e8815d7100) Importer(815301076,1909f56bfc062723c751e8b465ee728b)
Start importing Assets/FBX format/grass.fbx using Guid(28b79c132cf709340be8d0e8815d7100) Importer(815301076,1909f56bfc062723c751e8b465ee728b)  -> (artifact id: '67970613f29ee20f8caf6472c7bc870b') in 0.026926 seconds 
========================================================================
Received Import Request.
  Time since last request: 0.000033 seconds.
  path: Assets/FBX format/tree_fat.fbx
  artifactKey: Guid(7b4b657babcede64498e38f49aa74847) Importer(815301076,1909f56bfc062723c751e8b465ee728b)
Start importing Assets/FBX format/tree_fat.fbx using Guid(7b4b657babcede64498e38f49aa74847) Importer(815301076,1909f56bfc062723c751e8b465ee728b)  -> (artifact id: 'c9d5ad190051d173d00aa69b9ad37cc1') in 0.030806 seconds 
========================================================================
Received Import Request.
  Time since last request: 0.000025 seconds.
  path: Assets/FBX format/tree_pineTallC_detailed.fbx
  artifactKey: Guid(8375138563060144fb61b41b7ed55b20) Importer(815301076,1909f56bfc062723c751e8b465ee728b)
Start importing Assets/FBX format/tree_pineTallC_detailed.fbx using Guid(8375138563060144fb61b41b7ed55b20) Importer(815301076,1909f56bfc062723c751e8b465ee728b)  -> (artifact id: '42d6e6e4702386d8b899adba972d3666') in 0.030464 seconds 
========================================================================
Received Import Request.
  Time since last request: 0.000048 seconds.
  path: Assets/FBX format/log.fbx
  artifactKey: Guid(7b9e01351259e584c8d7853361ad57d6) Importer(815301076,1909f56bfc062723c751e8b465ee728b)
Start importing Assets/FBX format/log.fbx using Guid(7b9e01351259e584c8d7853361ad57d6) Importer(815301076,1909f56bfc062723c751e8b465ee728b)  -> (artifact id: '840b3b4a636c0b5f4e4147c02db4609e') in 0.035639 seconds 
========================================================================
Received Import Request.
  Time since last request: 0.000027 seconds.
  path: Assets/FBX format/plant_flatTall.fbx
  artifactKey: Guid(910c0a53fdfdd5d4ebfdabbfc06309d3) Importer(815301076,1909f56bfc062723c751e8b465ee728b)
Start importing Assets/FBX format/plant_flatTall.fbx using Guid(910c0a53fdfdd5d4ebfdabbfc06309d3) Importer(815301076,1909f56bfc062723c751e8b465ee728b)  -> (artifact id: '788504a1b84d51a30d735a235667b832') in 0.024598 seconds 
========================================================================
Received Import Request.
  Time since last request: 0.000024 seconds.
  path: Assets/FBX format/tree_pineTallC.fbx
  artifactKey: Guid(36f44bda1bff0a645866d2bfa375fc2c) Importer(815301076,1909f56bfc062723c751e8b465ee728b)
Start importing Assets/FBX format/tree_pineTallC.fbx using Guid(36f44bda1bff0a645866d2bfa375fc2c) Importer(815301076,1909f56bfc062723c751e8b465ee728b)  -> (artifact id: '66e2d5abf10bc30d6960d694b19b9adc') in 0.029020 seconds 
========================================================================
Received Import Request.
  Time since last request: 0.000021 seconds.
  path: Assets/FBX format/tree_plateau_fall.fbx
  artifactKey: Guid(6c06e173c560a9140b394eed5d42d605) Importer(815301076,1909f56bfc062723c751e8b465ee728b)
Start importing Assets/FBX format/tree_plateau_fall.fbx using Guid(6c06e173c560a9140b394eed5d42d605) Importer(815301076,1909f56bfc062723c751e8b465ee728b)  -> (artifact id: '50003c242e27911ffd2dfd8b96c31dfe') in 0.030661 seconds 
========================================================================
Received Import Request.
  Time since last request: 0.000035 seconds.
  path: Assets/FBX format/pot_large.fbx
  artifactKey: Guid(92dc80c6155c49444a9676326073d1a2) Importer(815301076,1909f56bfc062723c751e8b465ee728b)
Start importing Assets/FBX format/pot_large.fbx using Guid(92dc80c6155c49444a9676326073d1a2) Importer(815301076,1909f56bfc062723c751e8b465ee728b)  -> (artifact id: 'b645e7c4cda85ca4b540bec48135d2d3') in 0.032383 seconds 
========================================================================
Received Import Request.
  Time since last request: 0.000031 seconds.
  path: Assets/FBX format/tree_thin.fbx
  artifactKey: Guid(a59fb8e77c4f4d74780c4b8c0c8cbd0f) Importer(815301076,1909f56bfc062723c751e8b465ee728b)
Start importing Assets/FBX format/tree_thin.fbx using Guid(a59fb8e77c4f4d74780c4b8c0c8cbd0f) Importer(815301076,1909f56bfc062723c751e8b465ee728b)  -> (artifact id: '1b18c2d7531949f59fda43d5b774794b') in 0.032633 seconds 
========================================================================
Received Import Request.
  Time since last request: 0.000034 seconds.
  path: Assets/FBX format/tree_palmDetailedTall.fbx
  artifactKey: Guid(4300d9437009bce4581f148e6c9785b6) Importer(815301076,1909f56bfc062723c751e8b465ee728b)
Start importing Assets/FBX format/tree_palmDetailedTall.fbx using Guid(4300d9437009bce4581f148e6c9785b6) Importer(815301076,1909f56bfc062723c751e8b465ee728b)  -> (artifact id: '0ab6acab4024b215e04179e308884622') in 0.051994 seconds 
========================================================================
Received Import Request.
  Time since last request: 0.000042 seconds.
  path: Assets/FBX format/stone_smallC.fbx
  artifactKey: Guid(84c560612bc493f45b2802183409eabd) Importer(815301076,1909f56bfc062723c751e8b465ee728b)
Start importing Assets/FBX format/stone_smallC.fbx using Guid(84c560612bc493f45b2802183409eabd) Importer(815301076,1909f56bfc062723c751e8b465ee728b)  -> (artifact id: 'c2e48da4650aa1f2d744a6b70458fced') in 0.024162 seconds 
========================================================================
Received Import Request.
  Time since last request: 0.000025 seconds.
  path: Assets/FBX format/log_stack.fbx
  artifactKey: Guid(340abd7a11bcb294eac5c63de5413727) Importer(815301076,1909f56bfc062723c751e8b465ee728b)
Start importing Assets/FBX format/log_stack.fbx using Guid(340abd7a11bcb294eac5c63de5413727) Importer(815301076,1909f56bfc062723c751e8b465ee728b)  -> (artifact id: '601fd73b79aa9db6a9da09b98eb795bd') in 0.031660 seconds 
========================================================================
Received Import Request.
  Time since last request: 0.000025 seconds.
  path: Assets/FBX format/tree_palmTall.fbx
  artifactKey: Guid(2495974501aee4346991ae468338efd5) Importer(815301076,1909f56bfc062723c751e8b465ee728b)
Start importing Assets/FBX format/tree_palmTall.fbx using Guid(2495974501aee4346991ae468338efd5) Importer(815301076,1909f56bfc062723c751e8b465ee728b)  -> (artifact id: 'e8cbabb45f1b88e714679d0e24cf5666') in 0.031911 seconds 
========================================================================
Received Import Request.
  Time since last request: 0.000025 seconds.
  path: Assets/FBX format/tree_palmShort.fbx
  artifactKey: Guid(318946366f33fb549b0b5ebd93b79215) Importer(815301076,1909f56bfc062723c751e8b465ee728b)
Start importing Assets/FBX format/tree_palmShort.fbx using Guid(318946366f33fb549b0b5ebd93b79215) Importer(815301076,1909f56bfc062723c751e8b465ee728b)  -> (artifact id: '8f75624f2827bc85f83261929be6d3c2') in 0.029771 seconds 
========================================================================
Received Import Request.
  Time since last request: 0.000026 seconds.
  path: Assets/FBX format/tree_pineRoundF.fbx
  artifactKey: Guid(1c0a46a93bf899c4ca9ced9517e9037d) Importer(815301076,1909f56bfc062723c751e8b465ee728b)
Start importing Assets/FBX format/tree_pineRoundF.fbx using Guid(1c0a46a93bf899c4ca9ced9517e9037d) Importer(815301076,1909f56bfc062723c751e8b465ee728b)  -> (artifact id: '5127450a6eb7fc90d7b5f387befa33a8') in 0.030505 seconds 
========================================================================
Received Import Request.
  Time since last request: 0.000038 seconds.
  path: Assets/FBX format/tree_pineDefaultB.fbx
  artifactKey: Guid(b4c1e64ba8f1d4e47b7f6533f151e73b) Importer(815301076,1909f56bfc062723c751e8b465ee728b)
Start importing Assets/FBX format/tree_pineDefaultB.fbx using Guid(b4c1e64ba8f1d4e47b7f6533f151e73b) Importer(815301076,1909f56bfc062723c751e8b465ee728b)  -> (artifact id: 'd68ed309b6973ffb78cef990cc8f4256') in 0.033094 seconds 
========================================================================
Received Import Request.
  Time since last request: 0.000031 seconds.
  path: Assets/FBX format/stone_smallD.fbx
  artifactKey: Guid(c62295bdbf80133429868b592468f371) Importer(815301076,1909f56bfc062723c751e8b465ee728b)
Start importing Assets/FBX format/stone_smallD.fbx using Guid(c62295bdbf80133429868b592468f371) Importer(815301076,1909f56bfc062723c751e8b465ee728b)  -> (artifact id: '433628331a0b36eb3df186da183e2e25') in 0.031147 seconds 
========================================================================
Received Import Request.
  Time since last request: 0.000046 seconds.
  path: Assets/FBX format/tree_pineSmallB.fbx
  artifactKey: Guid(b682ab3a58b79724aac0bac2be89f088) Importer(815301076,1909f56bfc062723c751e8b465ee728b)
Start importing Assets/FBX format/tree_pineSmallB.fbx using Guid(b682ab3a58b79724aac0bac2be89f088) Importer(815301076,1909f56bfc062723c751e8b465ee728b)  -> (artifact id: 'fce1ee88b3580b78e60687be75855648') in 0.034862 seconds 
========================================================================
Received Import Request.
  Time since last request: 0.000034 seconds.
  path: Assets/FBX format/log_large.fbx
  artifactKey: Guid(03c37ea024c56114e817c80c61660c6f) Importer(815301076,1909f56bfc062723c751e8b465ee728b)
Start importing Assets/FBX format/log_large.fbx using Guid(03c37ea024c56114e817c80c61660c6f) Importer(815301076,1909f56bfc062723c751e8b465ee728b)  -> (artifact id: '9e58b5b95aa2f7b6270e2c882c7a1500') in 0.033334 seconds 
========================================================================
Received Import Request.
  Time since last request: 0.000036 seconds.
  path: Assets/FBX format/fence_simpleHigh.fbx
  artifactKey: Guid(9d03730617319814a95411cb1723e178) Importer(815301076,1909f56bfc062723c751e8b465ee728b)
Start importing Assets/FBX format/fence_simpleHigh.fbx using Guid(9d03730617319814a95411cb1723e178) Importer(815301076,1909f56bfc062723c751e8b465ee728b)  -> (artifact id: 'b5d4f4a3385e09a89ec679c2f335e743') in 0.029457 seconds 
========================================================================
Received Import Request.
  Time since last request: 0.000095 seconds.
  path: Assets/FBX format/stone_smallE.fbx
  artifactKey: Guid(d2e95a1344778064e8c859f37c418f59) Importer(815301076,1909f56bfc062723c751e8b465ee728b)
Start importing Assets/FBX format/stone_smallE.fbx using Guid(d2e95a1344778064e8c859f37c418f59) Importer(815301076,1909f56bfc062723c751e8b465ee728b)  -> (artifact id: 'ff8bcc8557794335dcfa17390eadf458') in 0.026212 seconds 
========================================================================
Received Import Request.
  Time since last request: 0.000037 seconds.
  path: Assets/FBX format/tree_oak_fall.fbx
  artifactKey: Guid(9de213b9ed5d4214d9846942bfee48b6) Importer(815301076,1909f56bfc062723c751e8b465ee728b)
Start importing Assets/FBX format/tree_oak_fall.fbx using Guid(9de213b9ed5d4214d9846942bfee48b6) Importer(815301076,1909f56bfc062723c751e8b465ee728b)  -> (artifact id: 'e5f7bd6cc5ecdadba36aa90db541805a') in 0.033228 seconds 
========================================================================
Received Import Request.
  Time since last request: 0.000029 seconds.
  path: Assets/FBX format/plant_bushLargeTriangle.fbx
  artifactKey: Guid(0c7ba32578e15b54da9c2766887bf457) Importer(815301076,1909f56bfc062723c751e8b465ee728b)
Start importing Assets/FBX format/plant_bushLargeTriangle.fbx using Guid(0c7ba32578e15b54da9c2766887bf457) Importer(815301076,1909f56bfc062723c751e8b465ee728b)  -> (artifact id: '3f989931a9ca61cf75dfa6724f478137') in 0.029292 seconds 
========================================================================
Received Import Request.
  Time since last request: 0.000037 seconds.
  path: Assets/FBX format/tree_palmBend.fbx
  artifactKey: Guid(2e289c15a837e2746b13ddb7789c2d31) Importer(815301076,1909f56bfc062723c751e8b465ee728b)
Start importing Assets/FBX format/tree_palmBend.fbx using Guid(2e289c15a837e2746b13ddb7789c2d31) Importer(815301076,1909f56bfc062723c751e8b465ee728b)  -> (artifact id: '4cf32e4769aa59f177b32816fb699d50') in 0.036719 seconds 
========================================================================
Received Import Request.
  Time since last request: 0.000050 seconds.
  path: Assets/FBX format/stone_smallI.fbx
  artifactKey: Guid(ebd7d70bc13897b4fb50493828e3ece5) Importer(815301076,1909f56bfc062723c751e8b465ee728b)
Start importing Assets/FBX format/stone_smallI.fbx using Guid(ebd7d70bc13897b4fb50493828e3ece5) Importer(815301076,1909f56bfc062723c751e8b465ee728b)  -> (artifact id: '56447beadd84665965233b3510e45fdb') in 0.032836 seconds 
========================================================================
Received Import Request.
  Time since last request: 0.000027 seconds.
  path: Assets/FBX format/tree_small_dark.fbx
  artifactKey: Guid(911fd1f0c68dc0b4582eb044833e7a9f) Importer(815301076,1909f56bfc062723c751e8b465ee728b)
Start importing Assets/FBX format/tree_small_dark.fbx using Guid(911fd1f0c68dc0b4582eb044833e7a9f) Importer(815301076,1909f56bfc062723c751e8b465ee728b)  -> (artifact id: '8f11e486862c395778f26f090d025d8e') in 0.033622 seconds 
========================================================================
Received Import Request.
  Time since last request: 0.000026 seconds.
  path: Assets/FBX format/crops_wheatStageA.fbx
  artifactKey: Guid(8a832b7907083ea46851583aecdecd53) Importer(815301076,1909f56bfc062723c751e8b465ee728b)
Start importing Assets/FBX format/crops_wheatStageA.fbx using Guid(8a832b7907083ea46851583aecdecd53) Importer(815301076,1909f56bfc062723c751e8b465ee728b)  -> (artifact id: 'c89771f682b061d1ec588bcc1ca41979') in 0.031941 seconds 
========================================================================
Received Import Request.
  Time since last request: 0.000031 seconds.
  path: Assets/FBX format/plant_bushSmall.fbx
  artifactKey: Guid(658f9624a8e63f24fbfc5be1ab202839) Importer(815301076,1909f56bfc062723c751e8b465ee728b)
Start importing Assets/FBX format/plant_bushSmall.fbx using Guid(658f9624a8e63f24fbfc5be1ab202839) Importer(815301076,1909f56bfc062723c751e8b465ee728b)  -> (artifact id: '673fe6cdfc1154f53f0d3d8fbd3750b6') in 0.029025 seconds 
========================================================================
Received Import Request.
  Time since last request: 0.000032 seconds.
  path: Assets/FBX format/platform_stone.fbx
  artifactKey: Guid(4df521c648aca5a4e907790cb94cea5e) Importer(815301076,1909f56bfc062723c751e8b465ee728b)
Start importing Assets/FBX format/platform_stone.fbx using Guid(4df521c648aca5a4e907790cb94cea5e) Importer(815301076,1909f56bfc062723c751e8b465ee728b)  -> (artifact id: '4db253726a9d35c654f854348a3d4a92') in 0.032478 seconds 
========================================================================
Received Import Request.
  Time since last request: 0.000024 seconds.
  path: Assets/FBX format/stump_old.fbx
  artifactKey: Guid(7b524f62068aacb40a70297f462f4e69) Importer(815301076,1909f56bfc062723c751e8b465ee728b)
Start importing Assets/FBX format/stump_old.fbx using Guid(7b524f62068aacb40a70297f462f4e69) Importer(815301076,1909f56bfc062723c751e8b465ee728b)  -> (artifact id: 'e2cc37a4cae757e2833b17c1673c63a0') in 0.031028 seconds 
========================================================================
Received Import Request.
  Time since last request: 0.000041 seconds.
  path: Assets/FBX format/fence_planks.fbx
  artifactKey: Guid(c315ad298cf3bbd439638361369bbb81) Importer(815301076,1909f56bfc062723c751e8b465ee728b)
Start importing Assets/FBX format/fence_planks.fbx using Guid(c315ad298cf3bbd439638361369bbb81) Importer(815301076,1909f56bfc062723c751e8b465ee728b)  -> (artifact id: 'dc537656d294b840d14c19dfeccb535d') in 0.029687 seconds 
========================================================================
Received Import Request.
  Time since last request: 0.000049 seconds.
  path: Assets/FBX format/tree_pineTallD_detailed.fbx
  artifactKey: Guid(98521ecf2dbd7174a9dd8ce14cbfa99f) Importer(815301076,1909f56bfc062723c751e8b465ee728b)
Start importing Assets/FBX format/tree_pineTallD_detailed.fbx using Guid(98521ecf2dbd7174a9dd8ce14cbfa99f) Importer(815301076,1909f56bfc062723c751e8b465ee728b)  -> (artifact id: '58d1cd89ed1893c80098338a4c6b5a4c') in 0.033504 seconds 
Editor requested this worker to shutdown with reason: Scaling down because of idle timeout
AssetImportWorker is now disconnected from the server
Process exiting
Exiting without the bug reporter. Application will terminate with return code 0