Using pre-set license
Built from '2021.3/staging' branch; Version is '2021.3.16f1 (4016570cf34f) revision 4200023'; Using compiler version '192829333'; Build Type 'Release'
OS: 'Windows 11  (10.0.22621) 64bit Professional' Language: 'en' Physical Memory: 16337 MB
BatchMode: 1, IsHumanControllingUs: 0, StartBugReporterOnCrash: 0, Is64bit: 1, IsPro: 1

COMMAND LINE ARGUMENTS:
C:\Program Files\Unity\Hub\Editor\2021.3.16f1\Editor\Unity.exe
-adb2
-batchMode
-noUpm
-name
AssetImportWorker3
-projectPath
C:/Users/halpi/Desktop/Game Tools AI/GameToolsAiProject/AI Project
-logFile
Logs/AssetImportWorker3.log
-srvPort
57904
Successfully changed project path to: C:/Users/halpi/Desktop/Game Tools AI/GameToolsAiProject/AI Project
C:/Users/halpi/Desktop/Game Tools AI/GameToolsAiProject/AI Project
[UnityMemory] Configuration Parameters - Can be set up in boot.config
    "memorysetup-bucket-allocator-granularity=16"
    "memorysetup-bucket-allocator-bucket-count=8"
    "memorysetup-bucket-allocator-block-size=33554432"
    "memorysetup-bucket-allocator-block-count=8"
    "memorysetup-main-allocator-block-size=16777216"
    "memorysetup-thread-allocator-block-size=16777216"
    "memorysetup-gfx-main-allocator-block-size=16777216"
    "memorysetup-gfx-thread-allocator-block-size=16777216"
    "memorysetup-cache-allocator-block-size=4194304"
    "memorysetup-typetree-allocator-block-size=2097152"
    "memorysetup-profiler-bucket-allocator-granularity=16"
    "memorysetup-profiler-bucket-allocator-bucket-count=8"
    "memorysetup-profiler-bucket-allocator-block-size=33554432"
    "memorysetup-profiler-bucket-allocator-block-count=8"
    "memorysetup-profiler-allocator-block-size=16777216"
    "memorysetup-profiler-editor-allocator-block-size=1048576"
    "memorysetup-temp-allocator-size-main=16777216"
    "memorysetup-job-temp-allocator-block-size=2097152"
    "memorysetup-job-temp-allocator-block-size-background=1048576"
    "memorysetup-job-temp-allocator-reduction-small-platforms=262144"
    "memorysetup-temp-allocator-size-background-worker=32768"
    "memorysetup-temp-allocator-size-job-worker=262144"
    "memorysetup-temp-allocator-size-preload-manager=33554432"
    "memorysetup-temp-allocator-size-nav-mesh-worker=65536"
    "memorysetup-temp-allocator-size-audio-worker=65536"
    "memorysetup-temp-allocator-size-cloud-worker=32768"
    "memorysetup-temp-allocator-size-gi-baking-worker=262144"
    "memorysetup-temp-allocator-size-gfx=262144"
Player connection [5856] Host "[IP] 192.168.0.150 [Port] 0 [Flags] 2 [Guid] 1725692691 [EditorId] 1725692691 [Version] 1048832 [Id] WindowsEditor(7,DESKTOP-OJRQH4Q) [Debug] 1 [PackageName] WindowsEditor [ProjectName] Editor" joined multi-casting on [225.0.0.222:54997]...

Player connection [5856] Host "[IP] 192.168.0.150 [Port] 0 [Flags] 2 [Guid] 1725692691 [EditorId] 1725692691 [Version] 1048832 [Id] WindowsEditor(7,DESKTOP-OJRQH4Q) [Debug] 1 [PackageName] WindowsEditor [ProjectName] Editor" joined alternative multi-casting on [225.0.0.222:34997]...

Refreshing native plugins compatible for Editor in 99.75 ms, found 3 plugins.
Preloading 0 native plugins for Editor in 0.00 ms.
Initialize engine version: 2021.3.16f1 (4016570cf34f)
[Subsystems] Discovering subsystems at path C:/Program Files/Unity/Hub/Editor/2021.3.16f1/Editor/Data/Resources/UnitySubsystems
[Subsystems] Discovering subsystems at path C:/Users/halpi/Desktop/Game Tools AI/GameToolsAiProject/AI Project/Assets
GfxDevice: creating device client; threaded=0; jobified=0
Direct3D:
    Version:  Direct3D 11.0 [level 11.1]
    Renderer: NVIDIA GeForce GTX 1070 (ID=0x1b81)
    Vendor:   NVIDIA
    VRAM:     8088 MB
    Driver:   31.0.15.1694
Initialize mono
Mono path[0] = 'C:/Program Files/Unity/Hub/Editor/2021.3.16f1/Editor/Data/Managed'
Mono path[1] = 'C:/Program Files/Unity/Hub/Editor/2021.3.16f1/Editor/Data/MonoBleedingEdge/lib/mono/unityjit-win32'
Mono config path = 'C:/Program Files/Unity/Hub/Editor/2021.3.16f1/Editor/Data/MonoBleedingEdge/etc'
Using monoOptions --debugger-agent=transport=dt_socket,embedding=1,server=y,suspend=n,address=127.0.0.1:56168
Begin MonoManager ReloadAssembly
Registering precompiled unity dll's ...
Register platform support module: C:/Program Files/Unity/Hub/Editor/2021.3.16f1/Editor/Data/PlaybackEngines/WebGLSupport/UnityEditor.WebGL.Extensions.dll
Register platform support module: C:/Program Files/Unity/Hub/Editor/2021.3.16f1/Editor/Data/PlaybackEngines/WindowsStandaloneSupport/UnityEditor.WindowsStandalone.Extensions.dll
Registered in 0.006881 seconds.
Native extension for WindowsStandalone target not found
Native extension for WebGL target not found
Refreshing native plugins compatible for Editor in 94.54 ms, found 3 plugins.
Preloading 0 native plugins for Editor in 0.00 ms.
Mono: successfully reloaded assembly
- Completed reload, in  0.855 seconds
Domain Reload Profiling:
	ReloadAssembly (856ms)
		BeginReloadAssembly (97ms)
			ExecutionOrderSort (0ms)
			DisableScriptedObjects (0ms)
			BackupInstance (0ms)
			ReleaseScriptingObjects (0ms)
			CreateAndSetChildDomain (1ms)
		EndReloadAssembly (607ms)
			LoadAssemblies (94ms)
			RebuildTransferFunctionScriptingTraits (0ms)
			SetupTypeCache (166ms)
			ReleaseScriptCaches (0ms)
			RebuildScriptCaches (30ms)
			SetupLoadedEditorAssemblies (348ms)
				LogAssemblyErrors (0ms)
				InitializePlatformSupportModulesInManaged (11ms)
				SetLoadedEditorAssemblies (0ms)
				RefreshPlugins (95ms)
				BeforeProcessingInitializeOnLoad (1ms)
				ProcessInitializeOnLoadAttributes (179ms)
				ProcessInitializeOnLoadMethodAttributes (63ms)
				AfterProcessingInitializeOnLoad (0ms)
				EditorAssembliesLoaded (0ms)
			ExecutionOrderSort2 (0ms)
			AwakeInstancesAfterBackupRestoration (0ms)
Platform modules already initialized, skipping
Registering precompiled user dll's ...
Registered in 0.008901 seconds.
Begin MonoManager ReloadAssembly
Symbol file LoadedFromMemory doesn't match image C:\Users\halpi\Desktop\Game Tools AI\GameToolsAiProject\AI Project\Library\PackageCache\com.unity.visualscripting@1.7.8\Editor\VisualScripting.Core\Dependencies\YamlDotNet\Unity.VisualScripting.YamlDotNet.dll
Symbol file LoadedFromMemory doesn't match image C:\Users\halpi\Desktop\Game Tools AI\GameToolsAiProject\AI Project\Library\PackageCache\com.unity.visualscripting@1.7.8\Editor\VisualScripting.Core\Dependencies\DotNetZip\Unity.VisualScripting.IonicZip.dll
Native extension for WindowsStandalone target not found
Native extension for WebGL target not found
Refreshing native plugins compatible for Editor in 0.64 ms, found 3 plugins.
Preloading 0 native plugins for Editor in 0.00 ms.
Mono: successfully reloaded assembly
- Completed reload, in  1.145 seconds
Domain Reload Profiling:
	ReloadAssembly (1146ms)
		BeginReloadAssembly (117ms)
			ExecutionOrderSort (0ms)
			DisableScriptedObjects (7ms)
			BackupInstance (0ms)
			ReleaseScriptingObjects (0ms)
			CreateAndSetChildDomain (20ms)
		EndReloadAssembly (899ms)
			LoadAssemblies (92ms)
			RebuildTransferFunctionScriptingTraits (0ms)
			SetupTypeCache (301ms)
			ReleaseScriptCaches (1ms)
			RebuildScriptCaches (55ms)
			SetupLoadedEditorAssemblies (407ms)
				LogAssemblyErrors (0ms)
				InitializePlatformSupportModulesInManaged (7ms)
				SetLoadedEditorAssemblies (1ms)
				RefreshPlugins (1ms)
				BeforeProcessingInitializeOnLoad (94ms)
				ProcessInitializeOnLoadAttributes (269ms)
				ProcessInitializeOnLoadMethodAttributes (28ms)
				AfterProcessingInitializeOnLoad (7ms)
				EditorAssembliesLoaded (0ms)
			ExecutionOrderSort2 (0ms)
			AwakeInstancesAfterBackupRestoration (6ms)
Platform modules already initialized, skipping
========================================================================
Worker process is ready to serve import requests
Launched and connected shader compiler UnityShaderCompiler.exe after 0.05 seconds
Refreshing native plugins compatible for Editor in 1.28 ms, found 3 plugins.
Preloading 0 native plugins for Editor in 0.00 ms.
Unloading 3361 Unused Serialized files (Serialized files now loaded: 0)
Unloading 27 unused Assets / (113.8 KB). Loaded Objects now: 3819.
Memory consumption went from 115.7 MB to 115.6 MB.
Total: 4.180000 ms (FindLiveObjects: 0.398900 ms CreateObjectMapping: 0.144300 ms MarkObjects: 3.466500 ms  DeleteObjects: 0.168300 ms)

AssetImportParameters requested are different than current active one (requested -> active):
  custom:video-decoder-ogg-theora: a1e56fd34408186e4bbccfd4996cb3dc -> 
  custom:container-muxer-webm: aa71ff27fc2769a1b78a27578f13a17b -> 
  custom:container-demuxer-webm: 4f35f7cbe854078d1ac9338744f61a02 -> 
  custom:video-encoder-webm-vp8: eb34c28f22e8b96e1ab97ce403110664 -> 
  custom:audio-encoder-webm-vorbis: bf7c407c2cedff20999df2af8eb42d56 -> 
  custom:framework-win-MediaFoundation: 216162199b28c13a410421893ffa2e32 -> 
  custom:container-demuxer-ogg: 62fdf1f143b41e24485cea50d1cbac27 -> 
  custom:video-decoder-webm-vp8: 9c59270c3fd7afecdb556c50c9e8de78 -> 
  custom:audio-decoder-ogg-vorbis: bf7c407c2cedff20999df2af8eb42d56 -> 
========================================================================
Received Import Request.
  Time since last request: 1551766.714417 seconds.
  path: Assets/SkySeries Freebie/6sidedCosmicCoolCloud.mat
  artifactKey: Guid(f531e09e2ad2fb440b4eed7605863143) Importer(815301076,1909f56bfc062723c751e8b465ee728b)
Start importing Assets/SkySeries Freebie/6sidedCosmicCoolCloud.mat using Guid(f531e09e2ad2fb440b4eed7605863143) Importer(815301076,1909f56bfc062723c751e8b465ee728b)  -> (artifact id: 'f6e1bb29b1076ae5a3b005491fa5d8cf') in 0.355441 seconds 
========================================================================
Received Import Request.
  Time since last request: 0.000035 seconds.
  path: Assets/FBX format/path_woodEnd.fbx
  artifactKey: Guid(e41c392c7dc79384eac81f3c4dd850b9) Importer(815301076,1909f56bfc062723c751e8b465ee728b)
Start importing Assets/FBX format/path_woodEnd.fbx using Guid(e41c392c7dc79384eac81f3c4dd850b9) Importer(815301076,1909f56bfc062723c751e8b465ee728b)  -> (artifact id: '6598ddb8009bd25647ac213edecf64cd') in 0.083483 seconds 
========================================================================
Received Import Request.
  Time since last request: 1.508501 seconds.
  path: Assets/FBX format/mushroom_redTall.fbx
  artifactKey: Guid(28e6ce28e75ec6845b3d5a6169044e12) Importer(815301076,1909f56bfc062723c751e8b465ee728b)
Start importing Assets/FBX format/mushroom_redTall.fbx using Guid(28e6ce28e75ec6845b3d5a6169044e12) Importer(815301076,1909f56bfc062723c751e8b465ee728b)  -> (artifact id: '1db90993600efa79d7085c528f9d59d8') in 0.030817 seconds 
========================================================================
Received Import Request.
  Time since last request: 0.000026 seconds.
  path: Assets/FBX format/mushroom_tanGroup.fbx
  artifactKey: Guid(17ae36d53c0ec25438ffe4830ba0ad0c) Importer(815301076,1909f56bfc062723c751e8b465ee728b)
Start importing Assets/FBX format/mushroom_tanGroup.fbx using Guid(17ae36d53c0ec25438ffe4830ba0ad0c) Importer(815301076,1909f56bfc062723c751e8b465ee728b)  -> (artifact id: '060235ca8a83e82e542297dc7d42aeb5') in 0.032577 seconds 
========================================================================
Received Import Request.
  Time since last request: 0.000028 seconds.
  path: Assets/FBX format/tree_pineRoundB.fbx
  artifactKey: Guid(405084c571cc49042992acb4607f48a8) Importer(815301076,1909f56bfc062723c751e8b465ee728b)
Start importing Assets/FBX format/tree_pineRoundB.fbx using Guid(405084c571cc49042992acb4607f48a8) Importer(815301076,1909f56bfc062723c751e8b465ee728b)  -> (artifact id: '03ce7e8e2a00ebb755b8f0f1fc17946f') in 0.034877 seconds 
========================================================================
Received Import Request.
  Time since last request: 0.000032 seconds.
  path: Assets/FBX format/stone_tallJ.fbx
  artifactKey: Guid(03f5fec23a9b36e4381870288cbff86f) Importer(815301076,1909f56bfc062723c751e8b465ee728b)
Start importing Assets/FBX format/stone_tallJ.fbx using Guid(03f5fec23a9b36e4381870288cbff86f) Importer(815301076,1909f56bfc062723c751e8b465ee728b)  -> (artifact id: '20483e28e908d070f1fefd3150880a15') in 0.029689 seconds 
========================================================================
Received Import Request.
  Time since last request: 0.462508 seconds.
  path: Assets/FBX format/stone_tallC.fbx
  artifactKey: Guid(9417c1a839afdfd41b1d71ce78cd1ccd) Importer(815301076,1909f56bfc062723c751e8b465ee728b)
Start importing Assets/FBX format/stone_tallC.fbx using Guid(9417c1a839afdfd41b1d71ce78cd1ccd) Importer(815301076,1909f56bfc062723c751e8b465ee728b)  -> (artifact id: 'aa17a2e484e457fbf5c885c1cb790707') in 0.030538 seconds 
========================================================================
Received Import Request.
  Time since last request: 0.000036 seconds.
  path: Assets/FBX format/stone_tallD.fbx
  artifactKey: Guid(b564db4815d17494ba64ce6603ea2747) Importer(815301076,1909f56bfc062723c751e8b465ee728b)
Start importing Assets/FBX format/stone_tallD.fbx using Guid(b564db4815d17494ba64ce6603ea2747) Importer(815301076,1909f56bfc062723c751e8b465ee728b)  -> (artifact id: '8ad0a3b3eaf8ef35c45b3a0c2795df35') in 0.029523 seconds 
========================================================================
Received Import Request.
  Time since last request: 0.322171 seconds.
  path: Assets/FBX format/rock_tallH.fbx
  artifactKey: Guid(e61077bb3d51a6e4d8eab83d64646c83) Importer(815301076,1909f56bfc062723c751e8b465ee728b)
Start importing Assets/FBX format/rock_tallH.fbx using Guid(e61077bb3d51a6e4d8eab83d64646c83) Importer(815301076,1909f56bfc062723c751e8b465ee728b)  -> (artifact id: '36d4d9eee66132f3c666ddcb4808d122') in 0.033804 seconds 
========================================================================
Received Import Request.
  Time since last request: 0.000021 seconds.
  path: Assets/SkySeries Freebie/Cloudymorning.mat
  artifactKey: Guid(d9dca9ae1786c394f9e79c637aa9a7bf) Importer(815301076,1909f56bfc062723c751e8b465ee728b)
Start importing Assets/SkySeries Freebie/Cloudymorning.mat using Guid(d9dca9ae1786c394f9e79c637aa9a7bf) Importer(815301076,1909f56bfc062723c751e8b465ee728b)  -> (artifact id: '63e6ac1a1ebdf28b85ca580131534da5') in 0.059503 seconds 
========================================================================
Received Import Request.
  Time since last request: 0.000030 seconds.
  path: Assets/FBX format/flower_redC.fbx
  artifactKey: Guid(2872769a02a477b4db300efdcdaf8155) Importer(815301076,1909f56bfc062723c751e8b465ee728b)
Start importing Assets/FBX format/flower_redC.fbx using Guid(2872769a02a477b4db300efdcdaf8155) Importer(815301076,1909f56bfc062723c751e8b465ee728b)  -> (artifact id: 'ac8b7cb3fb8019dd3c93e29da6042976') in 0.034062 seconds 
========================================================================
Received Import Request.
  Time since last request: 0.000037 seconds.
  path: Assets/FBX format/flower_redA.fbx
  artifactKey: Guid(ac5325cabccd9064e9aec42b19ecba7e) Importer(815301076,1909f56bfc062723c751e8b465ee728b)
Start importing Assets/FBX format/flower_redA.fbx using Guid(ac5325cabccd9064e9aec42b19ecba7e) Importer(815301076,1909f56bfc062723c751e8b465ee728b)  -> (artifact id: '28180d118d914d7bb77653b1479c48da') in 0.031918 seconds 
========================================================================
Received Import Request.
  Time since last request: 0.000034 seconds.
  path: Assets/SkySeries Freebie/CasualDay.mat
  artifactKey: Guid(85cf0b004bc4a654b9e501efcce47902) Importer(815301076,1909f56bfc062723c751e8b465ee728b)
Start importing Assets/SkySeries Freebie/CasualDay.mat using Guid(85cf0b004bc4a654b9e501efcce47902) Importer(815301076,1909f56bfc062723c751e8b465ee728b)  -> (artifact id: '3b26638cdfb49f5219579f00bf4f90bf') in 0.042444 seconds 
========================================================================
Received Import Request.
  Time since last request: 0.720346 seconds.
  path: Assets/SkySeries Freebie/DayInTheClouds.mat
  artifactKey: Guid(3e5399bd195de7649b874f58c1b9f8a3) Importer(815301076,1909f56bfc062723c751e8b465ee728b)
Start importing Assets/SkySeries Freebie/DayInTheClouds.mat using Guid(3e5399bd195de7649b874f58c1b9f8a3) Importer(815301076,1909f56bfc062723c751e8b465ee728b)  -> (artifact id: 'f4745187a987ae52e33ad2ce47c2a9b2') in 0.056718 seconds 
========================================================================
Received Import Request.
  Time since last request: 1.644111 seconds.
  path: Assets/FBX format/ground_pathTile.fbx
  artifactKey: Guid(7bdc78de9dfb9654f8fb6599a6d03afa) Importer(815301076,1909f56bfc062723c751e8b465ee728b)
Start importing Assets/FBX format/ground_pathTile.fbx using Guid(7bdc78de9dfb9654f8fb6599a6d03afa) Importer(815301076,1909f56bfc062723c751e8b465ee728b)  -> (artifact id: 'bc6a86a70e2b42c512a77ebededeb503') in 0.033509 seconds 
========================================================================
Received Import Request.
  Time since last request: 0.000034 seconds.
  path: Assets/FBX format/ground_riverBend.fbx
  artifactKey: Guid(946a9fd06c281cf43bad50307bdc9a5b) Importer(815301076,1909f56bfc062723c751e8b465ee728b)
Start importing Assets/FBX format/ground_riverBend.fbx using Guid(946a9fd06c281cf43bad50307bdc9a5b) Importer(815301076,1909f56bfc062723c751e8b465ee728b)  -> (artifact id: '82a59352249653ab35bc47e7e39ae24b') in 0.035473 seconds 
========================================================================
Received Import Request.
  Time since last request: 0.000051 seconds.
  path: Assets/FBX format/ground_pathEndClosed.fbx
  artifactKey: Guid(4ed7541aedd2daa41aae2041d1178f9d) Importer(815301076,1909f56bfc062723c751e8b465ee728b)
Start importing Assets/FBX format/ground_pathEndClosed.fbx using Guid(4ed7541aedd2daa41aae2041d1178f9d) Importer(815301076,1909f56bfc062723c751e8b465ee728b)  -> (artifact id: '11bd278873d3eea06e0c0f9329c6362a') in 0.033232 seconds 
========================================================================
Received Import Request.
  Time since last request: 0.802050 seconds.
  path: Assets/FBX format/ground_riverCornerSmall.fbx
  artifactKey: Guid(3284425ef215141499bfc66a4e02dba6) Importer(815301076,1909f56bfc062723c751e8b465ee728b)
Start importing Assets/FBX format/ground_riverCornerSmall.fbx using Guid(3284425ef215141499bfc66a4e02dba6) Importer(815301076,1909f56bfc062723c751e8b465ee728b)  -> (artifact id: '067df4aca8748a36f34fcd5852e677cd') in 0.039576 seconds 
========================================================================
Received Import Request.
  Time since last request: 0.002381 seconds.
  path: Assets/FBX format/rock_smallFlatB.fbx
  artifactKey: Guid(08ff6771c10be5741a0f0134c6c08a54) Importer(815301076,1909f56bfc062723c751e8b465ee728b)
Start importing Assets/FBX format/rock_smallFlatB.fbx using Guid(08ff6771c10be5741a0f0134c6c08a54) Importer(815301076,1909f56bfc062723c751e8b465ee728b)  -> (artifact id: '364ef3e7d949fa2e7119717c4e83393e') in 0.030737 seconds 
========================================================================
Received Import Request.
  Time since last request: 0.588612 seconds.
  path: Assets/FBX format/rock_smallTopB.fbx
  artifactKey: Guid(50e9d160649beeb4a874f21f3d759238) Importer(815301076,1909f56bfc062723c751e8b465ee728b)
Start importing Assets/FBX format/rock_smallTopB.fbx using Guid(50e9d160649beeb4a874f21f3d759238) Importer(815301076,1909f56bfc062723c751e8b465ee728b)  -> (artifact id: '3eb4b826f4a575243d560f9db25bab50') in 0.035398 seconds 
========================================================================
Received Import Request.
  Time since last request: 0.026556 seconds.
  path: Assets/FBX format/rock_smallA.fbx
  artifactKey: Guid(ba500f6a3440d7c4993e209e2df32f7f) Importer(815301076,1909f56bfc062723c751e8b465ee728b)
Start importing Assets/FBX format/rock_smallA.fbx using Guid(ba500f6a3440d7c4993e209e2df32f7f) Importer(815301076,1909f56bfc062723c751e8b465ee728b)  -> (artifact id: '7cc7052ee161b2042beaf665b0cc5ca9') in 0.029954 seconds 
Editor requested this worker to shutdown with reason: Scaling down because of idle timeout
AssetImportWorker is now disconnected from the server
Process exiting
Exiting without the bug reporter. Application will terminate with return code 0